{"target": -12.4780129010131, "params": {"x": -1.2662205459144347, "y": -2.445968431387213}, "datetime": {"datetime": "2023-08-04 20:29:47", "elapsed": 0.0, "delta": 0.0}}
{"target": -12.4780129010131, "params": {"x": -1.2662205459144347, "y": -2.445968431387213}, "datetime": {"datetime": "2023-08-04 20:29:47", "elapsed": 0.0, "delta": 0.0}}
{"target": -3.8540423116243687, "params": {"x": -1.0686989431116456, "y": -0.9266356377417138}, "datetime": {"datetime": "2023-08-04 20:29:47", "elapsed": 0.001994, "delta": 0.001994}}
{"target": -3.8540423116243687, "params": {"x": -1.0686989431116456, "y": -0.9266356377417138}, "datetime": {"datetime": "2023-08-04 20:29:47", "elapsed": 0.000997, "delta": 0.000997}}
{"target": -3.7806212120405664, "params": {"x": 0.8835277086999404, "y": 3.0}, "datetime": {"datetime": "2023-08-04 20:29:47", "elapsed": 0.129653, "delta": 0.127659}}
{"target": -3.7806212120405664, "params": {"x": 0.8835277086999404, "y": 3.0}, "datetime": {"datetime": "2023-08-04 20:29:47", "elapsed": 0.128656, "delta": 0.127659}}
{"target": 0.26231220516598663, "params": {"x": -0.3883834511552078, "y": 0.23394119696802412}, "datetime": {"datetime": "2023-08-04 20:29:47", "elapsed": 0.204482, "delta": 0.074829}}
{"target": 0.26231220516598663, "params": {"x": -0.3883834511552078, "y": 0.23394119696802412}, "datetime": {"datetime": "2023-08-04 20:29:47", "elapsed": 0.203485, "delta": 0.074829}}
{"target": 0.8148936986448472, "params": {"x": 0.036701615946454255, "y": 1.4286715441244868}, "datetime": {"datetime": "2023-08-04 20:29:47", "elapsed": 0.28424, "delta": 0.079758}}
{"target": 0.8148936986448472, "params": {"x": 0.036701615946454255, "y": 1.4286715441244868}, "datetime": {"datetime": "2023-08-04 20:29:47", "elapsed": 0.283243, "delta": 0.079758}}
