{"target": -12.4780129010131, "params": {"x": -1.2662205459144347, "y": -2.445968431387213}, "datetime": {"datetime": "2023-08-21 13:19:22", "elapsed": 0.0, "delta": 0.0}}
{"target": -3.8540423116243687, "params": {"x": -1.0686989431116456, "y": -0.9266356377417138}, "datetime": {"datetime": "2023-08-21 13:19:22", "elapsed": 0.002549, "delta": 0.002549}}
{"target": 0.9850967277901611, "params": {"x": -0.037021323864450194, "y": 1.1163301069764935}, "datetime": {"datetime": "2023-08-21 13:19:22", "elapsed": 0.297221, "delta": 0.294672}}
{"target": 0.5062783386618208, "params": {"x": -0.4384536935569158, "y": 1.54907196244616}, "datetime": {"datetime": "2023-08-21 13:19:22", "elapsed": 0.525618, "delta": 0.228397}}
{"target": 0.7964929710439073, "params": {"x": 0.30425930287176284, "y": 0.6669334817606525}, "datetime": {"datetime": "2023-08-21 13:19:22", "elapsed": 0.741607, "delta": 0.215989}}
